-------------------------------------------------------------------------------
Test set: screenshot.ScreenshotDemo_Test
-------------------------------------------------------------------------------
Tests run: 4, Failures: 1, Errors: 0, Skipped: 0, Time elapsed: 40.872 s <<< FAILURE! - in screenshot.ScreenshotDemo_Test
mouseOver(screenshot.ScreenshotDemo_Test$ScreenshtTest)  Time elapsed: 9.683 s  <<< FAILURE!
org.openqa.selenium.WebDriverException: 
TypeError: rect is undefined
Build info: version: '3.141.5', revision: 'd54ebd709a', time: '2018-11-06T11:42:16'
System info: host: 'JHANSI-PC', ip: '192.168.2.7', os.name: 'Windows 7', os.arch: 'x86', os.version: '6.1', java.version: '1.8.0_151'
Driver info: org.openqa.selenium.firefox.FirefoxDriver
Capabilities {acceptInsecureCerts: true, browserName: firefox, browserVersion: 64.0, javascriptEnabled: true, moz:accessibilityChecks: false, moz:geckodriverVersion: 0.23.0, moz:headless: false, moz:processID: 7764, moz:profile: C:\Users\JHANSI\AppData\Loc..., moz:shutdownTimeout: 60000, moz:useNonSpecCompliantPointerOrigin: false, moz:webdriverClick: true, pageLoadStrategy: normal, platform: WINDOWS, platformName: WINDOWS, platformVersion: 6.1, rotatable: false, setWindowRect: true, timeouts: {implicit: 0, pageLoad: 300000, script: 30000}, unhandledPromptBehavior: dismiss and notify}
Session ID: 959822af-2605-46fa-af29-2768fa18c89e
	at screenshot.ScreenshotDemo_Test$ScreenshtTest.mouseOver(ScreenshotDemo_Test.java:127)

