<?xml version="1.0" encoding="UTF-8"?>
<!-- Generated by org.testng.reporters.JUnitXMLReporter -->
<testsuite hostname="JHANSI-PC" ignored="0" name="Default test" tests="3" failures="0" timestamp="15 Dec 2018 17:24:11 GMT" time="54.09" errors="0">
  <testcase name="Selection" time="9.019" classname="screenshot.ScreenshotDemo_Test$ScreenshtTest"/>
  <testcase name="Navigate" time="16.325" classname="screenshot.ScreenshotDemo_Test$ScreenshtTest"/>
  <testcase name="mouseOver" time="10.67" classname="screenshot.ScreenshotDemo_Test$ScreenshtTest"/>
</testsuite> <!-- Default test -->
